WARNING: System properties and/or JVM args set.  Consider using --dry-run or --exec
0    INFO  (main) [   ] o.e.j.u.log Logging initialized @342ms
208  INFO  (main) [   ] o.e.j.s.Server jetty-9.2.11.v20150529
228  WARN  (main) [   ] o.e.j.s.h.RequestLogHandler !RequestLog
230  INFO  (main) [   ] o.e.j.d.p.ScanningAppProvider Deployment monitor [file:/Users/aasha.medhi/Documents/workspaceShopOnTap/solr/server/contexts/] at interval 0
696  INFO  (main) [   ] o.e.j.w.StandardDescriptorProcessor NO JSP Support for /solr, did not find org.apache.jasper.servlet.JspServlet
706  WARN  (main) [   ] o.e.j.s.SecurityHandler ServletContext@o.e.j.w.WebAppContext@146ba0ac{/solr,file:/Users/aasha.medhi/Documents/workspaceShopOnTap/solr/server/solr-webapp/webapp/,STARTING}{/Users/aasha.medhi/Documents/workspaceShopOnTap/solr/server/solr-webapp/webapp} has uncovered http methods for path: /
714  INFO  (main) [   ] o.a.s.s.SolrDispatchFilter SolrDispatchFilter.init(): WebAppClassLoader=239465106@e45f292
728  INFO  (main) [   ] o.a.s.c.SolrResourceLoader JNDI not configured for solr (NoInitialContextEx)
729  INFO  (main) [   ] o.a.s.c.SolrResourceLoader using system property solr.solr.home: /Users/aasha.medhi/Documents/workspaceShopOnTap/solr/server/solr
731  INFO  (main) [   ] o.a.s.c.SolrResourceLoader new SolrResourceLoader for directory: '/Users/aasha.medhi/Documents/workspaceShopOnTap/solr/server/solr/'
889  INFO  (main) [   ] o.a.s.c.SolrXmlConfig Loading container configuration from /Users/aasha.medhi/Documents/workspaceShopOnTap/solr/server/solr/solr.xml
955  INFO  (main) [   ] o.a.s.c.CoresLocator Config-defined core root directory: /Users/aasha.medhi/Documents/workspaceShopOnTap/solr/server/solr
976  INFO  (main) [   ] o.a.s.c.CoreContainer New CoreContainer 1165303897
976  INFO  (main) [   ] o.a.s.c.CoreContainer Loading cores into CoreContainer [instanceDir=/Users/aasha.medhi/Documents/workspaceShopOnTap/solr/server/solr/]
976  INFO  (main) [   ] o.a.s.c.CoreContainer loading shared library: /Users/aasha.medhi/Documents/workspaceShopOnTap/solr/server/solr/lib
976  WARN  (main) [   ] o.a.s.c.SolrResourceLoader Can't find (or read) directory to add to classloader: lib (resolved as: /Users/aasha.medhi/Documents/workspaceShopOnTap/solr/server/solr/lib).
992  INFO  (main) [   ] o.a.s.h.c.HttpShardHandlerFactory created with socketTimeout : 600000,connTimeout : 60000,maxConnectionsPerHost : 20,maxConnections : 10000,corePoolSize : 0,maximumPoolSize : 2147483647,maxThreadIdleTime : 5,sizeOfQueue : -1,fairnessPolicy : false,useRetries : false,
1268 INFO  (main) [   ] o.a.s.u.UpdateShardHandler Creating UpdateShardHandler HTTP client with params: socketTimeout=600000&connTimeout=60000&retry=true
1271 INFO  (main) [   ] o.a.s.l.LogWatcher SLF4J impl is org.slf4j.impl.Log4jLoggerFactory
1272 INFO  (main) [   ] o.a.s.l.LogWatcher Registering Log Listener [Log4j (org.slf4j.impl.Log4jLoggerFactory)]
1273 INFO  (main) [   ] o.a.s.c.CoreContainer Security conf doesn't exist. Skipping setup for authorization module.
1274 INFO  (main) [   ] o.a.s.c.CoreContainer No authentication plugin used.
1318 INFO  (main) [   ] o.a.s.c.CoresLocator Looking for core definitions underneath /Users/aasha.medhi/Documents/workspaceShopOnTap/solr/server/solr
1357 INFO  (main) [   ] o.a.s.c.SolrCore Created CoreDescriptor: {name=shopOnTap, config=solrconfig.xml, transient=false, schema=schema.xml, loadOnStartup=true, configSetProperties=configsetprops.json, instanceDir=/Users/aasha.medhi/Documents/workspaceShopOnTap/solr/server/solr/shopOnTap, absoluteInstDir=/Users/aasha.medhi/Documents/workspaceShopOnTap/solr/server/solr/shopOnTap/, dataDir=data/}
1358 INFO  (main) [   ] o.a.s.c.CoresLocator Found core shopOnTap in /Users/aasha.medhi/Documents/workspaceShopOnTap/solr/server/solr/shopOnTap/
1358 INFO  (main) [   ] o.a.s.c.CoresLocator Found 1 core definitions
1372 INFO  (coreLoadExecutor-6-thread-1) [   ] o.a.s.c.SolrResourceLoader new SolrResourceLoader for directory: '/Users/aasha.medhi/Documents/workspaceShopOnTap/solr/server/solr/shopOnTap/'
1372 INFO  (main) [   ] o.a.s.s.SolrDispatchFilter user.dir=/Users/aasha.medhi/Documents/workspaceShopOnTap/solr/server
1373 INFO  (main) [   ] o.a.s.s.SolrDispatchFilter SolrDispatchFilter.init() done
1431 INFO  (coreLoadExecutor-6-thread-1) [   ] o.a.s.c.SolrConfig current version of requestparams : -1
1448 INFO  (main) [   ] o.e.j.s.h.ContextHandler Started o.e.j.w.WebAppContext@146ba0ac{/solr,file:/Users/aasha.medhi/Documents/workspaceShopOnTap/solr/server/solr-webapp/webapp/,AVAILABLE}{/Users/aasha.medhi/Documents/workspaceShopOnTap/solr/server/solr-webapp/webapp}
1463 INFO  (coreLoadExecutor-6-thread-1) [   ] o.a.s.u.SolrIndexConfig IndexWriter infoStream solr logging is enabled
1469 INFO  (coreLoadExecutor-6-thread-1) [   ] o.a.s.c.SolrConfig Using Lucene MatchVersion: 5.3.0
1497 INFO  (main) [   ] o.e.j.s.ServerConnector Started ServerConnector@46d95499{HTTP/1.1}{0.0.0.0:8983}
1497 INFO  (main) [   ] o.e.j.s.Server Started @1842ms
1601 INFO  (coreLoadExecutor-6-thread-1) [   ] o.a.s.c.Config Loaded SolrConfig: solrconfig.xml
1611 INFO  (coreLoadExecutor-6-thread-1) [   ] o.a.s.s.IndexSchema Reading Solr Schema from /Users/aasha.medhi/Documents/workspaceShopOnTap/solr/server/solr/shopOnTap/conf/schema.xml
1674 INFO  (coreLoadExecutor-6-thread-1) [   ] o.a.s.s.IndexSchema [shopOnTap] Schema name=example
2039 INFO  (coreLoadExecutor-6-thread-1) [   ] o.a.s.s.IndexSchema unique key field: id
2142 INFO  (coreLoadExecutor-6-thread-1) [   ] o.a.s.s.FileExchangeRateProvider Reloading exchange rates from file currency.xml
2149 INFO  (coreLoadExecutor-6-thread-1) [   ] o.a.s.s.FileExchangeRateProvider Reloading exchange rates from file currency.xml
2158 INFO  (coreLoadExecutor-6-thread-1) [   ] o.a.s.c.ConfigSetProperties Did not find ConfigSet properties, assuming default properties: Can't find resource 'configsetprops.json' in classpath or '/Users/aasha.medhi/Documents/workspaceShopOnTap/solr/server/solr/shopOnTap/conf'
2158 INFO  (coreLoadExecutor-6-thread-1) [   ] o.a.s.c.CoreContainer Creating SolrCore 'shopOnTap' using configuration from instancedir /Users/aasha.medhi/Documents/workspaceShopOnTap/solr/server/solr/shopOnTap/
2159 INFO  (coreLoadExecutor-6-thread-1) [   x:shopOnTap] o.a.s.c.SolrCore solr.NRTCachingDirectoryFactory
2171 INFO  (coreLoadExecutor-6-thread-1) [   x:shopOnTap] o.a.s.c.SolrCore [[shopOnTap] ] Opening new SolrCore at [/Users/aasha.medhi/Documents/workspaceShopOnTap/solr/server/solr/shopOnTap/], dataDir=[null]
2173 INFO  (coreLoadExecutor-6-thread-1) [   x:shopOnTap] o.a.s.c.JmxMonitoredMap No JMX servers found, not exposing Solr information with JMX.
2188 INFO  (coreLoadExecutor-6-thread-1) [   x:shopOnTap] o.a.s.c.CachingDirectoryFactory return new directory for /Users/aasha.medhi/Documents/workspaceShopOnTap/solr/server/solr/shopOnTap/data
2192 INFO  (coreLoadExecutor-6-thread-1) [   x:shopOnTap] o.a.s.c.SolrCore New index directory detected: old=null new=/Users/aasha.medhi/Documents/workspaceShopOnTap/solr/server/solr/shopOnTap/data/index/
2193 INFO  (coreLoadExecutor-6-thread-1) [   x:shopOnTap] o.a.s.c.CachingDirectoryFactory return new directory for /Users/aasha.medhi/Documents/workspaceShopOnTap/solr/server/solr/shopOnTap/data/index
2254 INFO  (OldIndexDirectoryCleanupThreadForCore-shopOnTap) [   x:shopOnTap] o.a.s.c.SolrCore Looking for old index directories to cleanup for core shopOnTap in /Users/aasha.medhi/Documents/workspaceShopOnTap/solr/server/solr/shopOnTap/data/
2352 INFO  (coreLoadExecutor-6-thread-1) [   x:shopOnTap] o.a.s.u.p.UpdateRequestProcessorChain creating updateRequestProcessorChain ""
2367 INFO  (coreLoadExecutor-6-thread-1) [   x:shopOnTap] o.a.s.u.p.UpdateRequestProcessorChain inserting DistributedUpdateProcessorFactory into updateRequestProcessorChain ""
2422 INFO  (coreLoadExecutor-6-thread-1) [   x:shopOnTap] o.a.s.h.l.XMLLoader xsltCacheLifetimeSeconds=60
2424 INFO  (coreLoadExecutor-6-thread-1) [   x:shopOnTap] o.a.s.h.l.XMLLoader xsltCacheLifetimeSeconds=60
2425 INFO  (coreLoadExecutor-6-thread-1) [   x:shopOnTap] o.a.s.h.l.XMLLoader xsltCacheLifetimeSeconds=60
2426 INFO  (coreLoadExecutor-6-thread-1) [   x:shopOnTap] o.a.s.h.l.XMLLoader xsltCacheLifetimeSeconds=60
2440 INFO  (coreLoadExecutor-6-thread-1) [   x:shopOnTap] o.a.s.c.PluginBag requestHandler : '/analysis/field' created with startup=lazy 
2440 INFO  (coreLoadExecutor-6-thread-1) [   x:shopOnTap] o.a.s.c.PluginBag requestHandler : '/analysis/document' created with startup=lazy 
2442 INFO  (coreLoadExecutor-6-thread-1) [   x:shopOnTap] o.a.s.c.PluginBag requestHandler : '/terms' created with startup=lazy 
2442 INFO  (coreLoadExecutor-6-thread-1) [   x:shopOnTap] o.a.s.c.RequestHandlers Registered paths: /admin/mbeans,/update/json/docs,/admin/luke,/export,/get,/admin/properties,/update/json,/admin/threads,/query,/analysis/field,/analysis/document,/update/csv,/select,/admin/segments,/admin/system,/replication,/config,/schema,/admin/plugins,/admin/logging,/admin/ping,/update,/admin/file,/debug/dump,/terms
2443 INFO  (coreLoadExecutor-6-thread-1) [   x:shopOnTap] o.a.s.c.SolrCore Using default statsCache cache: org.apache.solr.search.stats.LocalStatsCache
2452 INFO  (coreLoadExecutor-6-thread-1) [   x:shopOnTap] o.a.s.u.UpdateHandler Using UpdateLog implementation: org.apache.solr.update.UpdateLog
2453 INFO  (coreLoadExecutor-6-thread-1) [   x:shopOnTap] o.a.s.u.UpdateLog Initializing UpdateLog: dataDir= defaultSyncLevel=FLUSH numRecordsToKeep=100 maxNumLogsToKeep=10 numVersionBuckets=65536
2464 INFO  (coreLoadExecutor-6-thread-1) [   x:shopOnTap] o.a.s.c.SolrCore Hard AutoCommit: if uncommited for 15000ms; 
2464 INFO  (coreLoadExecutor-6-thread-1) [   x:shopOnTap] o.a.s.c.SolrCore Soft AutoCommit: disabled
2511 INFO  (coreLoadExecutor-6-thread-1) [   x:shopOnTap] o.a.s.c.SolrCore SolrDeletionPolicy.onInit: commits: num=1
	commit{dir=NRTCachingDirectory(MMapDirectory@/Users/aasha.medhi/Documents/workspaceShopOnTap/solr/server/solr/shopOnTap/data/index lockFactory=org.apache.lucene.store.NativeFSLockFactory@7d8c2798; maxCacheMB=48.0 maxMergeSizeMB=4.0),segFN=segments_1,generation=1}
2511 INFO  (coreLoadExecutor-6-thread-1) [   x:shopOnTap] o.a.s.c.SolrCore newest commit generation = 1
2527 INFO  (coreLoadExecutor-6-thread-1) [   x:shopOnTap] o.a.s.s.SolrIndexSearcher Opening Searcher@2c1593f4[shopOnTap] main
2533 INFO  (coreLoadExecutor-6-thread-1) [   x:shopOnTap] o.a.s.r.ManagedResourceStorage File-based storage initialized to use dir: /Users/aasha.medhi/Documents/workspaceShopOnTap/solr/server/solr/shopOnTap/conf
2533 INFO  (coreLoadExecutor-6-thread-1) [   x:shopOnTap] o.a.s.r.RestManager Initializing RestManager with initArgs: {storageDir=/Users/aasha.medhi/Documents/workspaceShopOnTap/solr/server/solr/shopOnTap/conf}
2541 INFO  (coreLoadExecutor-6-thread-1) [   x:shopOnTap] o.a.s.r.ManagedResourceStorage Reading _rest_managed.json using file:dir=/Users/aasha.medhi/Documents/workspaceShopOnTap/solr/server/solr/shopOnTap/conf
2542 INFO  (coreLoadExecutor-6-thread-1) [   x:shopOnTap] o.a.s.r.ManagedResourceStorage Loaded LinkedHashMap at path _rest_managed.json using file:dir=/Users/aasha.medhi/Documents/workspaceShopOnTap/solr/server/solr/shopOnTap/conf
2542 INFO  (coreLoadExecutor-6-thread-1) [   x:shopOnTap] o.a.s.r.ManagedResource Loaded initArgs {} for /rest/managed
2542 INFO  (coreLoadExecutor-6-thread-1) [   x:shopOnTap] o.a.s.r.RestManager Initializing 0 registered ManagedResources
2548 INFO  (coreLoadExecutor-6-thread-1) [   x:shopOnTap] o.a.s.h.ReplicationHandler Commits will be reserved for  10000
2549 INFO  (searcherExecutor-7-thread-1-processing-x:shopOnTap) [   x:shopOnTap] o.a.s.c.SolrCore [shopOnTap] Registered new searcher Searcher@2c1593f4[shopOnTap] main{ExitableDirectoryReader(UninvertingDirectoryReader())}
2549 INFO  (coreLoadExecutor-6-thread-1) [   x:shopOnTap] o.a.s.u.UpdateLog Looking up max value of version field to seed version buckets
2550 INFO  (coreLoadExecutor-6-thread-1) [   x:shopOnTap] o.a.s.u.VersionInfo Refreshing highest value of _version_ for 65536 version buckets from index
2550 INFO  (coreLoadExecutor-6-thread-1) [   x:shopOnTap] o.a.s.u.VersionInfo No terms found for _version_, cannot seed version bucket highest value from index
2550 INFO  (coreLoadExecutor-6-thread-1) [   x:shopOnTap] o.a.s.u.UpdateLog Could not find max version in index or recent updates, using new clock 1516633220689428480
2554 INFO  (coreLoadExecutor-6-thread-1) [   x:shopOnTap] o.a.s.u.UpdateLog Took 4 ms to seed version buckets with highest version 1516633220689428480
2555 INFO  (coreLoadExecutor-6-thread-1) [   x:shopOnTap] o.a.s.c.CoreContainer registering core: shopOnTap
17566 INFO  (qtp434176574-15) [   x:shopOnTap] o.a.s.u.UpdateHandler start commit{,optimize=false,openSearcher=true,waitSearcher=true,expungeDeletes=false,softCommit=false,prepareCommit=false}
17748 INFO  (qtp434176574-15) [   x:shopOnTap] o.a.s.c.SolrCore SolrDeletionPolicy.onCommit: commits: num=2
	commit{dir=NRTCachingDirectory(MMapDirectory@/Users/aasha.medhi/Documents/workspaceShopOnTap/solr/server/solr/shopOnTap/data/index lockFactory=org.apache.lucene.store.NativeFSLockFactory@7d8c2798; maxCacheMB=48.0 maxMergeSizeMB=4.0),segFN=segments_1,generation=1}
	commit{dir=NRTCachingDirectory(MMapDirectory@/Users/aasha.medhi/Documents/workspaceShopOnTap/solr/server/solr/shopOnTap/data/index lockFactory=org.apache.lucene.store.NativeFSLockFactory@7d8c2798; maxCacheMB=48.0 maxMergeSizeMB=4.0),segFN=segments_2,generation=2}
17748 INFO  (qtp434176574-15) [   x:shopOnTap] o.a.s.c.SolrCore newest commit generation = 2
17779 INFO  (qtp434176574-15) [   x:shopOnTap] o.a.s.s.SolrIndexSearcher Opening Searcher@16553094[shopOnTap] main
17782 INFO  (searcherExecutor-7-thread-1-processing-x:shopOnTap) [   x:shopOnTap] o.a.s.c.SolrCore [shopOnTap] Registered new searcher Searcher@16553094[shopOnTap] main{ExitableDirectoryReader(UninvertingDirectoryReader(Uninverting(_0(5.3.0):C500)))}
17783 INFO  (qtp434176574-15) [   x:shopOnTap] o.a.s.u.UpdateHandler end_commit_flush
17784 INFO  (qtp434176574-15) [   x:shopOnTap] o.a.s.u.p.LogUpdateProcessor [shopOnTap] webapp=/solr path=/update params={commit=true} {add=[ed9628f8-19d6-47d6-b7c3-a281a36d4a4e (1516633235784728576), 50dfb727-e2e5-4ee8-8a76-b7e1c8405a54 (1516633235897974784), 11535392-0ae5-48ab-98fb-058e8c56bf89 (1516633235901120512), c2cefe98-cf73-480b-a49f-5d06f73e63f5 (1516633235904266240), 4633e2c7-1e09-4ca5-8b79-ec7d6fa06d52 (1516633235907411968), 88ae816b-e323-41f2-bc4b-01980f6c9335 (1516633235909509120), d8317c8e-8397-4967-949b-218864929bb9 (1516633235912654848), 8b607be5-df8a-4583-932d-1cd939a73728 (1516633235914752000), e6fca5dc-21ad-4032-879c-fdb9eb4bd288 (1516633235916849152), 6295240d-6ed5-42cf-ad63-b0ed50007b67 (1516633235919994880), ... (500 adds)],commit=} 0 864
20810 INFO  (qtp434176574-15) [   x:shopOnTap] o.a.s.u.UpdateHandler start commit{,optimize=false,openSearcher=true,waitSearcher=true,expungeDeletes=false,softCommit=false,prepareCommit=false}
20978 INFO  (qtp434176574-15) [   x:shopOnTap] o.a.s.c.SolrCore SolrDeletionPolicy.onCommit: commits: num=2
	commit{dir=NRTCachingDirectory(MMapDirectory@/Users/aasha.medhi/Documents/workspaceShopOnTap/solr/server/solr/shopOnTap/data/index lockFactory=org.apache.lucene.store.NativeFSLockFactory@7d8c2798; maxCacheMB=48.0 maxMergeSizeMB=4.0),segFN=segments_2,generation=2}
	commit{dir=NRTCachingDirectory(MMapDirectory@/Users/aasha.medhi/Documents/workspaceShopOnTap/solr/server/solr/shopOnTap/data/index lockFactory=org.apache.lucene.store.NativeFSLockFactory@7d8c2798; maxCacheMB=48.0 maxMergeSizeMB=4.0),segFN=segments_3,generation=3}
20978 INFO  (qtp434176574-15) [   x:shopOnTap] o.a.s.c.SolrCore newest commit generation = 3
20980 INFO  (qtp434176574-15) [   x:shopOnTap] o.a.s.s.SolrIndexSearcher Opening Searcher@16376dcf[shopOnTap] main
20981 INFO  (searcherExecutor-7-thread-1-processing-x:shopOnTap) [   x:shopOnTap] o.a.s.c.SolrCore [shopOnTap] Registered new searcher Searcher@16376dcf[shopOnTap] main{ExitableDirectoryReader(UninvertingDirectoryReader(Uninverting(_0(5.3.0):C500) Uninverting(_1(5.3.0):C1000)))}
20983 INFO  (qtp434176574-15) [   x:shopOnTap] o.a.s.u.UpdateHandler end_commit_flush
20983 INFO  (qtp434176574-15) [   x:shopOnTap] o.a.s.u.p.LogUpdateProcessor [shopOnTap] webapp=/solr path=/update params={commit=true} {add=[ac148e6e-0be5-4a3d-8365-ba5e61ad7c72 (1516633239465230336), e7a9bd84-de9c-4c72-ad8d-777434666e2e (1516633239469424640), ce1e9682-e980-4b1b-97f2-ad203a819390 (1516633239470473216), 60af6663-628a-4b8c-a43a-6ad99cd0c04a (1516633239470473217), dfba0082-034b-483f-9683-73ff51909b19 (1516633239471521792), e6f74fb5-c820-49ce-b2a7-5af13bd63ee0 (1516633239472570368), aad43fff-340a-4fbc-bc47-1d6fa4aa46f1 (1516633239472570369), dce384a0-4620-443d-b274-327aeb6cbe3c (1516633239473618944), acbbfdd0-cd78-4c9b-9ebf-51cdda5927c8 (1516633239473618945), 66d5b21b-d047-42eb-9ac9-efd362514c40 (1516633239474667520), ... (1000 adds)],commit=} 0 527
24886 INFO  (qtp434176574-12) [   x:shopOnTap] o.a.s.c.S.Request [shopOnTap] webapp=/solr path=/select params={q=*:*&indent=true&wt=json&_=1446374172279} hits=1500 status=0 QTime=31 
142908 INFO  (qtp434176574-12) [   x:shopOnTap] o.a.s.u.UpdateHandler start commit{,optimize=false,openSearcher=true,waitSearcher=true,expungeDeletes=false,softCommit=false,prepareCommit=false}
142998 INFO  (qtp434176574-12) [   x:shopOnTap] o.a.s.c.SolrCore SolrDeletionPolicy.onCommit: commits: num=2
	commit{dir=NRTCachingDirectory(MMapDirectory@/Users/aasha.medhi/Documents/workspaceShopOnTap/solr/server/solr/shopOnTap/data/index lockFactory=org.apache.lucene.store.NativeFSLockFactory@7d8c2798; maxCacheMB=48.0 maxMergeSizeMB=4.0),segFN=segments_3,generation=3}
	commit{dir=NRTCachingDirectory(MMapDirectory@/Users/aasha.medhi/Documents/workspaceShopOnTap/solr/server/solr/shopOnTap/data/index lockFactory=org.apache.lucene.store.NativeFSLockFactory@7d8c2798; maxCacheMB=48.0 maxMergeSizeMB=4.0),segFN=segments_4,generation=4}
142998 INFO  (qtp434176574-12) [   x:shopOnTap] o.a.s.c.SolrCore newest commit generation = 4
143001 INFO  (qtp434176574-12) [   x:shopOnTap] o.a.s.s.SolrIndexSearcher Opening Searcher@4afc5876[shopOnTap] main
143003 INFO  (searcherExecutor-7-thread-1-processing-x:shopOnTap) [   x:shopOnTap] o.a.s.c.SolrCore [shopOnTap] Registered new searcher Searcher@4afc5876[shopOnTap] main{ExitableDirectoryReader(UninvertingDirectoryReader(Uninverting(_0(5.3.0):C500) Uninverting(_1(5.3.0):C1000) Uninverting(_2(5.3.0):C500)))}
143003 INFO  (qtp434176574-12) [   x:shopOnTap] o.a.s.u.UpdateHandler end_commit_flush
143004 INFO  (qtp434176574-12) [   x:shopOnTap] o.a.s.u.p.LogUpdateProcessor [shopOnTap] webapp=/solr path=/update params={commit=true} {add=[2f6feaf4-642e-4ed6-b57e-1cd2873cb0a3 (1516633367660986368), efa7d202-aae6-4798-8861-40b6842eaf92 (1516633367665180672), 12f9403e-9b1c-4702-b663-eb46ece6c80d (1516633367665180673), 222cf3b8-4b18-4ec5-9cbf-d4760b5d46f7 (1516633367666229248), a83cb405-e33c-4011-91fb-06930b20a775 (1516633367666229249), 7b20c964-718f-4a45-8430-242207212902 (1516633367666229250), 672173ad-cc0a-4b9d-ad7f-24ded35f771e (1516633367667277824), 1b4ca311-2705-4d63-a9a5-d34c8b77f9e4 (1516633367667277825), 1d505b69-9e98-4125-83c9-259bdf259002 (1516633367667277826), 83a3a8e9-5566-4758-b5c6-9d609a72e850 (1516633367667277827), ... (500 adds)],commit=} 0 291
143080 INFO  (qtp434176574-16) [   x:shopOnTap] o.a.s.s.SolrIndexSearcher Opening Searcher@509e42b6[shopOnTap] realtime
143080 INFO  (qtp434176574-16) [   x:shopOnTap] o.a.s.u.UpdateHandler start commit{,optimize=false,openSearcher=true,waitSearcher=true,expungeDeletes=false,softCommit=false,prepareCommit=false}
143084 INFO  (qtp434176574-16) [   x:shopOnTap] o.a.s.c.SolrCore SolrDeletionPolicy.onCommit: commits: num=2
	commit{dir=NRTCachingDirectory(MMapDirectory@/Users/aasha.medhi/Documents/workspaceShopOnTap/solr/server/solr/shopOnTap/data/index lockFactory=org.apache.lucene.store.NativeFSLockFactory@7d8c2798; maxCacheMB=48.0 maxMergeSizeMB=4.0),segFN=segments_4,generation=4}
	commit{dir=NRTCachingDirectory(MMapDirectory@/Users/aasha.medhi/Documents/workspaceShopOnTap/solr/server/solr/shopOnTap/data/index lockFactory=org.apache.lucene.store.NativeFSLockFactory@7d8c2798; maxCacheMB=48.0 maxMergeSizeMB=4.0),segFN=segments_5,generation=5}
143084 INFO  (qtp434176574-16) [   x:shopOnTap] o.a.s.c.SolrCore newest commit generation = 5
143086 INFO  (qtp434176574-16) [   x:shopOnTap] o.a.s.s.SolrIndexSearcher Opening Searcher@1ce482ea[shopOnTap] main
143087 INFO  (qtp434176574-16) [   x:shopOnTap] o.a.s.u.UpdateHandler end_commit_flush
143087 INFO  (searcherExecutor-7-thread-1-processing-x:shopOnTap) [   x:shopOnTap] o.a.s.c.SolrCore [shopOnTap] Registered new searcher Searcher@1ce482ea[shopOnTap] main{ExitableDirectoryReader(UninvertingDirectoryReader(Uninverting(_1(5.3.0):C1000/500:delGen=1)))}
143092 INFO  (qtp434176574-16) [   x:shopOnTap] o.a.s.u.p.LogUpdateProcessor [shopOnTap] webapp=/solr path=/update params={commit=true} {deleteByQuery=category:Jewellery (-1516633367970316288),commit=} 0 85
148465 INFO  (qtp434176574-13) [   x:shopOnTap] o.a.s.c.S.Request [shopOnTap] webapp=/solr path=/select params={q=*:*&indent=true&wt=json&_=1446374295882} hits=500 status=0 QTime=1 
160814 INFO  (qtp434176574-15) [   x:shopOnTap] o.a.s.c.S.Request [shopOnTap] webapp=/solr path=/select params={q=category:"Jewellery"&indent=true&wt=json&_=1446374308224} hits=0 status=0 QTime=8 
167516 INFO  (qtp434176574-12) [   x:shopOnTap] o.a.s.c.S.Request [shopOnTap] webapp=/solr path=/select params={q=category:"*"&indent=true&wt=json&_=1446374314940} hits=0 status=0 QTime=1 
171612 INFO  (qtp434176574-12) [   x:shopOnTap] o.a.s.c.S.Request [shopOnTap] webapp=/solr path=/select params={q=category:*&indent=true&wt=json&_=1446374319014} hits=500 status=0 QTime=22 
185980 INFO  (qtp434176574-18) [   x:shopOnTap] o.a.s.c.S.Request [shopOnTap] webapp=/solr path=/select params={q=category:"Women's+Clothing"&indent=true&wt=json&_=1446374333384} hits=500 status=0 QTime=16 
229285 INFO  (qtp434176574-21) [   x:shopOnTap] o.a.s.u.UpdateHandler start commit{,optimize=false,openSearcher=true,waitSearcher=true,expungeDeletes=false,softCommit=false,prepareCommit=false}
229351 INFO  (qtp434176574-21) [   x:shopOnTap] o.a.s.c.SolrCore SolrDeletionPolicy.onCommit: commits: num=2
	commit{dir=NRTCachingDirectory(MMapDirectory@/Users/aasha.medhi/Documents/workspaceShopOnTap/solr/server/solr/shopOnTap/data/index lockFactory=org.apache.lucene.store.NativeFSLockFactory@7d8c2798; maxCacheMB=48.0 maxMergeSizeMB=4.0),segFN=segments_5,generation=5}
	commit{dir=NRTCachingDirectory(MMapDirectory@/Users/aasha.medhi/Documents/workspaceShopOnTap/solr/server/solr/shopOnTap/data/index lockFactory=org.apache.lucene.store.NativeFSLockFactory@7d8c2798; maxCacheMB=48.0 maxMergeSizeMB=4.0),segFN=segments_6,generation=6}
229351 INFO  (qtp434176574-21) [   x:shopOnTap] o.a.s.c.SolrCore newest commit generation = 6
229353 INFO  (qtp434176574-21) [   x:shopOnTap] o.a.s.s.SolrIndexSearcher Opening Searcher@46deb55c[shopOnTap] main
229355 INFO  (searcherExecutor-7-thread-1-processing-x:shopOnTap) [   x:shopOnTap] o.a.s.c.SolrCore [shopOnTap] Registered new searcher Searcher@46deb55c[shopOnTap] main{ExitableDirectoryReader(UninvertingDirectoryReader(Uninverting(_1(5.3.0):C1000/500:delGen=1) Uninverting(_3(5.3.0):C500)))}
229357 INFO  (qtp434176574-21) [   x:shopOnTap] o.a.s.u.UpdateHandler end_commit_flush
229357 INFO  (qtp434176574-21) [   x:shopOnTap] o.a.s.u.p.LogUpdateProcessor [shopOnTap] webapp=/solr path=/update params={commit=true} {add=[90e1455d-643f-45b9-a281-51fd1d88551c (1516633458288361472), be9ca5b0-02b9-4efa-b76e-07ce7975c468 (1516633458291507200), a1f16ffd-0707-448f-8888-14b4e495a08e (1516633458291507201), 34286db9-3da8-4b42-8c24-ff2084977697 (1516633458292555776), c3196c79-1ad1-4c79-98dd-f4a57b27109f (1516633458292555777), 5a4698a3-6eea-4166-a9c4-84e9a016d2ce (1516633458292555778), c355c312-4186-4708-82fa-fc8b62b00b9b (1516633458293604352), 3d672972-3a6e-4111-9561-eb4fcae2e953 (1516633458293604353), 2e600449-88a0-4e03-995e-969e59cdd56c (1516633458293604354), 4340969a-caed-4b3e-aaa1-ab9e549ddf6d (1516633458293604355), ... (500 adds)],commit=} 0 215
229370 ERROR (qtp434176574-14) [   x:shopOnTap] o.a.s.c.SolrCore org.apache.solr.common.SolrException: undefined field text
	at org.apache.solr.schema.IndexSchema.getDynamicFieldType(IndexSchema.java:1298)
	at org.apache.solr.schema.IndexSchema$SolrQueryAnalyzer.getWrappedAnalyzer(IndexSchema.java:444)
	at org.apache.lucene.analysis.DelegatingAnalyzerWrapper$DelegatingReuseStrategy.getReusableComponents(DelegatingAnalyzerWrapper.java:74)
	at org.apache.lucene.analysis.Analyzer.tokenStream(Analyzer.java:172)
	at org.apache.lucene.util.QueryBuilder.createFieldQuery(QueryBuilder.java:205)
	at org.apache.solr.parser.SolrQueryParserBase.newFieldQuery(SolrQueryParserBase.java:370)
	at org.apache.solr.parser.SolrQueryParserBase.getFieldQuery(SolrQueryParserBase.java:762)
	at org.apache.solr.parser.SolrQueryParserBase.handleBareTokenQuery(SolrQueryParserBase.java:546)
	at org.apache.solr.parser.QueryParser.Term(QueryParser.java:299)
	at org.apache.solr.parser.QueryParser.Clause(QueryParser.java:185)
	at org.apache.solr.parser.QueryParser.Query(QueryParser.java:139)
	at org.apache.solr.parser.QueryParser.TopLevelQuery(QueryParser.java:96)
	at org.apache.solr.parser.SolrQueryParserBase.parse(SolrQueryParserBase.java:151)
	at org.apache.solr.search.LuceneQParser.parse(LuceneQParser.java:50)
	at org.apache.solr.search.QParser.getQuery(QParser.java:141)
	at org.apache.solr.handler.component.QueryComponent.prepare(QueryComponent.java:158)
	at org.apache.solr.handler.component.SearchHandler.handleRequestBody(SearchHandler.java:251)
	at org.apache.solr.handler.RequestHandlerBase.handleRequest(RequestHandlerBase.java:143)
	at org.apache.solr.core.SolrCore.execute(SolrCore.java:2068)
	at org.apache.solr.servlet.HttpSolrCall.execute(HttpSolrCall.java:669)
	at org.apache.solr.servlet.HttpSolrCall.call(HttpSolrCall.java:462)
	at org.apache.solr.servlet.SolrDispatchFilter.doFilter(SolrDispatchFilter.java:210)
	at org.apache.solr.servlet.SolrDispatchFilter.doFilter(SolrDispatchFilter.java:179)
	at org.eclipse.jetty.servlet.ServletHandler$CachedChain.doFilter(ServletHandler.java:1652)
	at org.eclipse.jetty.servlet.ServletHandler.doHandle(ServletHandler.java:585)
	at org.eclipse.jetty.server.handler.ScopedHandler.handle(ScopedHandler.java:143)
	at org.eclipse.jetty.security.SecurityHandler.handle(SecurityHandler.java:577)
	at org.eclipse.jetty.server.session.SessionHandler.doHandle(SessionHandler.java:223)
	at org.eclipse.jetty.server.handler.ContextHandler.doHandle(ContextHandler.java:1127)
	at org.eclipse.jetty.servlet.ServletHandler.doScope(ServletHandler.java:515)
	at org.eclipse.jetty.server.session.SessionHandler.doScope(SessionHandler.java:185)
	at org.eclipse.jetty.server.handler.ContextHandler.doScope(ContextHandler.java:1061)
	at org.eclipse.jetty.server.handler.ScopedHandler.handle(ScopedHandler.java:141)
	at org.eclipse.jetty.server.handler.ContextHandlerCollection.handle(ContextHandlerCollection.java:215)
	at org.eclipse.jetty.server.handler.HandlerCollection.handle(HandlerCollection.java:110)
	at org.eclipse.jetty.server.handler.HandlerWrapper.handle(HandlerWrapper.java:97)
	at org.eclipse.jetty.server.Server.handle(Server.java:499)
	at org.eclipse.jetty.server.HttpChannel.handle(HttpChannel.java:310)
	at org.eclipse.jetty.server.HttpConnection.onFillable(HttpConnection.java:257)
	at org.eclipse.jetty.io.AbstractConnection$2.run(AbstractConnection.java:540)
	at org.eclipse.jetty.util.thread.QueuedThreadPool.runJob(QueuedThreadPool.java:635)
	at org.eclipse.jetty.util.thread.QueuedThreadPool$3.run(QueuedThreadPool.java:555)
	at java.lang.Thread.run(Thread.java:745)

229370 INFO  (qtp434176574-14) [   x:shopOnTap] o.a.s.c.S.Request [shopOnTap] webapp=/solr path=/select params={q=title:%3DDesigner*+AND+%3DSuit+OR+description:%3DDesigner*+AND+%3DSuit&start=0&rows=1000&wt=json} status=400 QTime=10 
231011 INFO  (qtp434176574-15) [   x:shopOnTap] o.a.s.u.UpdateHandler start commit{,optimize=false,openSearcher=true,waitSearcher=true,expungeDeletes=false,softCommit=false,prepareCommit=false}
231101 INFO  (qtp434176574-15) [   x:shopOnTap] o.a.s.c.SolrCore SolrDeletionPolicy.onCommit: commits: num=2
	commit{dir=NRTCachingDirectory(MMapDirectory@/Users/aasha.medhi/Documents/workspaceShopOnTap/solr/server/solr/shopOnTap/data/index lockFactory=org.apache.lucene.store.NativeFSLockFactory@7d8c2798; maxCacheMB=48.0 maxMergeSizeMB=4.0),segFN=segments_6,generation=6}
	commit{dir=NRTCachingDirectory(MMapDirectory@/Users/aasha.medhi/Documents/workspaceShopOnTap/solr/server/solr/shopOnTap/data/index lockFactory=org.apache.lucene.store.NativeFSLockFactory@7d8c2798; maxCacheMB=48.0 maxMergeSizeMB=4.0),segFN=segments_7,generation=7}
231101 INFO  (qtp434176574-15) [   x:shopOnTap] o.a.s.c.SolrCore newest commit generation = 7
231106 INFO  (qtp434176574-15) [   x:shopOnTap] o.a.s.s.SolrIndexSearcher Opening Searcher@10274785[shopOnTap] main
231108 INFO  (searcherExecutor-7-thread-1-processing-x:shopOnTap) [   x:shopOnTap] o.a.s.c.SolrCore [shopOnTap] Registered new searcher Searcher@10274785[shopOnTap] main{ExitableDirectoryReader(UninvertingDirectoryReader(Uninverting(_1(5.3.0):C1000/500:delGen=1) Uninverting(_3(5.3.0):C500) Uninverting(_4(5.3.0):C1000)))}
231111 INFO  (qtp434176574-15) [   x:shopOnTap] o.a.s.u.UpdateHandler end_commit_flush
231111 INFO  (qtp434176574-15) [   x:shopOnTap] o.a.s.u.p.LogUpdateProcessor [shopOnTap] webapp=/solr path=/update params={commit=true} {add=[f7e71a2b-261a-42ba-9d1f-08237d78a3cc (1516633460067794944), 1812546f-84c0-424c-9ef2-e679f30293c1 (1516633460070940672), f65e3ed0-3da9-47dd-bf48-15d332902456 (1516633460070940673), 8b64f670-1021-4f93-9e90-699c92c0cf85 (1516633460070940674), e5d9e779-a6ec-43a7-9a57-333e36676370 (1516633460070940675), fe7ab59e-984f-4ac0-8db5-59ccb1178ea7 (1516633460070940676), 7adb0607-016c-44b5-a5ac-b87583023d6e (1516633460071989248), 07774128-a724-4d9f-8429-1ec8320696a8 (1516633460071989249), 15a212ab-2cd5-4b60-909b-b98edb2c20ac (1516633460071989250), 442f3016-23f0-4b53-b663-bb19bf88621d (1516633460071989251), ... (1000 adds)],commit=} 0 272
231115 ERROR (qtp434176574-12) [   x:shopOnTap] o.a.s.c.SolrCore org.apache.solr.common.SolrException: undefined field text
	at org.apache.solr.schema.IndexSchema.getDynamicFieldType(IndexSchema.java:1298)
	at org.apache.solr.schema.IndexSchema$SolrQueryAnalyzer.getWrappedAnalyzer(IndexSchema.java:444)
	at org.apache.lucene.analysis.DelegatingAnalyzerWrapper$DelegatingReuseStrategy.getReusableComponents(DelegatingAnalyzerWrapper.java:74)
	at org.apache.lucene.analysis.Analyzer.tokenStream(Analyzer.java:172)
	at org.apache.lucene.util.QueryBuilder.createFieldQuery(QueryBuilder.java:205)
	at org.apache.solr.parser.SolrQueryParserBase.newFieldQuery(SolrQueryParserBase.java:370)
	at org.apache.solr.parser.SolrQueryParserBase.getFieldQuery(SolrQueryParserBase.java:762)
	at org.apache.solr.parser.SolrQueryParserBase.handleBareTokenQuery(SolrQueryParserBase.java:546)
	at org.apache.solr.parser.QueryParser.Term(QueryParser.java:299)
	at org.apache.solr.parser.QueryParser.Clause(QueryParser.java:185)
	at org.apache.solr.parser.QueryParser.Query(QueryParser.java:139)
	at org.apache.solr.parser.QueryParser.TopLevelQuery(QueryParser.java:96)
	at org.apache.solr.parser.SolrQueryParserBase.parse(SolrQueryParserBase.java:151)
	at org.apache.solr.search.LuceneQParser.parse(LuceneQParser.java:50)
	at org.apache.solr.search.QParser.getQuery(QParser.java:141)
	at org.apache.solr.handler.component.QueryComponent.prepare(QueryComponent.java:158)
	at org.apache.solr.handler.component.SearchHandler.handleRequestBody(SearchHandler.java:251)
	at org.apache.solr.handler.RequestHandlerBase.handleRequest(RequestHandlerBase.java:143)
	at org.apache.solr.core.SolrCore.execute(SolrCore.java:2068)
	at org.apache.solr.servlet.HttpSolrCall.execute(HttpSolrCall.java:669)
	at org.apache.solr.servlet.HttpSolrCall.call(HttpSolrCall.java:462)
	at org.apache.solr.servlet.SolrDispatchFilter.doFilter(SolrDispatchFilter.java:210)
	at org.apache.solr.servlet.SolrDispatchFilter.doFilter(SolrDispatchFilter.java:179)
	at org.eclipse.jetty.servlet.ServletHandler$CachedChain.doFilter(ServletHandler.java:1652)
	at org.eclipse.jetty.servlet.ServletHandler.doHandle(ServletHandler.java:585)
	at org.eclipse.jetty.server.handler.ScopedHandler.handle(ScopedHandler.java:143)
	at org.eclipse.jetty.security.SecurityHandler.handle(SecurityHandler.java:577)
	at org.eclipse.jetty.server.session.SessionHandler.doHandle(SessionHandler.java:223)
	at org.eclipse.jetty.server.handler.ContextHandler.doHandle(ContextHandler.java:1127)
	at org.eclipse.jetty.servlet.ServletHandler.doScope(ServletHandler.java:515)
	at org.eclipse.jetty.server.session.SessionHandler.doScope(SessionHandler.java:185)
	at org.eclipse.jetty.server.handler.ContextHandler.doScope(ContextHandler.java:1061)
	at org.eclipse.jetty.server.handler.ScopedHandler.handle(ScopedHandler.java:141)
	at org.eclipse.jetty.server.handler.ContextHandlerCollection.handle(ContextHandlerCollection.java:215)
	at org.eclipse.jetty.server.handler.HandlerCollection.handle(HandlerCollection.java:110)
	at org.eclipse.jetty.server.handler.HandlerWrapper.handle(HandlerWrapper.java:97)
	at org.eclipse.jetty.server.Server.handle(Server.java:499)
	at org.eclipse.jetty.server.HttpChannel.handle(HttpChannel.java:310)
	at org.eclipse.jetty.server.HttpConnection.onFillable(HttpConnection.java:257)
	at org.eclipse.jetty.io.AbstractConnection$2.run(AbstractConnection.java:540)
	at org.eclipse.jetty.util.thread.QueuedThreadPool.runJob(QueuedThreadPool.java:635)
	at org.eclipse.jetty.util.thread.QueuedThreadPool$3.run(QueuedThreadPool.java:555)
	at java.lang.Thread.run(Thread.java:745)

231116 INFO  (qtp434176574-12) [   x:shopOnTap] o.a.s.c.S.Request [shopOnTap] webapp=/solr path=/select params={q=title:%3DDesigner*+AND+%3DSuit+OR+description:%3DDesigner*+AND+%3DSuit&start=0&rows=1000&wt=json} status=400 QTime=2 
245827 INFO  (qtp434176574-18) [   x:shopOnTap] o.a.s.u.UpdateHandler start commit{,optimize=false,openSearcher=true,waitSearcher=true,expungeDeletes=false,softCommit=false,prepareCommit=false}
245880 INFO  (qtp434176574-18) [   x:shopOnTap] o.a.s.c.SolrCore SolrDeletionPolicy.onCommit: commits: num=2
	commit{dir=NRTCachingDirectory(MMapDirectory@/Users/aasha.medhi/Documents/workspaceShopOnTap/solr/server/solr/shopOnTap/data/index lockFactory=org.apache.lucene.store.NativeFSLockFactory@7d8c2798; maxCacheMB=48.0 maxMergeSizeMB=4.0),segFN=segments_7,generation=7}
	commit{dir=NRTCachingDirectory(MMapDirectory@/Users/aasha.medhi/Documents/workspaceShopOnTap/solr/server/solr/shopOnTap/data/index lockFactory=org.apache.lucene.store.NativeFSLockFactory@7d8c2798; maxCacheMB=48.0 maxMergeSizeMB=4.0),segFN=segments_8,generation=8}
245880 INFO  (qtp434176574-18) [   x:shopOnTap] o.a.s.c.SolrCore newest commit generation = 8
245882 INFO  (qtp434176574-18) [   x:shopOnTap] o.a.s.s.SolrIndexSearcher Opening Searcher@47b46966[shopOnTap] main
245884 INFO  (searcherExecutor-7-thread-1-processing-x:shopOnTap) [   x:shopOnTap] o.a.s.c.SolrCore [shopOnTap] Registered new searcher Searcher@47b46966[shopOnTap] main{ExitableDirectoryReader(UninvertingDirectoryReader(Uninverting(_1(5.3.0):C1000/500:delGen=1) Uninverting(_3(5.3.0):C500) Uninverting(_4(5.3.0):C1000) Uninverting(_5(5.3.0):C500)))}
245884 INFO  (qtp434176574-18) [   x:shopOnTap] o.a.s.u.UpdateHandler end_commit_flush
245884 INFO  (qtp434176574-18) [   x:shopOnTap] o.a.s.u.p.LogUpdateProcessor [shopOnTap] webapp=/solr path=/update params={commit=true} {add=[03a0d528-4c57-44e7-b54c-d9996dad8e6a (1516633475703111680), fa41b76d-8b2b-4606-a8ff-d1ba090730aa (1516633475705208832), 8b359611-40fe-48e5-b27d-dee858bb3dde (1516633475705208833), b613f68b-2021-4fdb-b7ad-c8d272c43b80 (1516633475706257408), aa43facf-0e41-442b-8a9f-e8917f61e114 (1516633475706257409), 0c79de88-c042-4722-9b16-d6cd0932dea5 (1516633475706257410), 812561c4-73b3-4ee6-896f-f29df264605e (1516633475706257411), ac09536b-9432-42c9-9545-72dfebb48743 (1516633475706257412), 45e2fa4f-e090-4301-a5f3-1279cd6800bd (1516633475706257413), d3232bca-cb68-4db8-8061-e76d87942b84 (1516633475706257414), ... (500 adds)],commit=} 0 135
245895 ERROR (qtp434176574-15) [   x:shopOnTap] o.a.s.c.SolrCore org.apache.solr.common.SolrException: undefined field text
	at org.apache.solr.schema.IndexSchema.getDynamicFieldType(IndexSchema.java:1298)
	at org.apache.solr.schema.IndexSchema$SolrQueryAnalyzer.getWrappedAnalyzer(IndexSchema.java:444)
	at org.apache.lucene.analysis.DelegatingAnalyzerWrapper$DelegatingReuseStrategy.getReusableComponents(DelegatingAnalyzerWrapper.java:74)
	at org.apache.lucene.analysis.Analyzer.tokenStream(Analyzer.java:172)
	at org.apache.lucene.util.QueryBuilder.createFieldQuery(QueryBuilder.java:205)
	at org.apache.solr.parser.SolrQueryParserBase.newFieldQuery(SolrQueryParserBase.java:370)
	at org.apache.solr.parser.SolrQueryParserBase.getFieldQuery(SolrQueryParserBase.java:762)
	at org.apache.solr.parser.SolrQueryParserBase.handleBareTokenQuery(SolrQueryParserBase.java:546)
	at org.apache.solr.parser.QueryParser.Term(QueryParser.java:299)
	at org.apache.solr.parser.QueryParser.Clause(QueryParser.java:185)
	at org.apache.solr.parser.QueryParser.Query(QueryParser.java:139)
	at org.apache.solr.parser.QueryParser.TopLevelQuery(QueryParser.java:96)
	at org.apache.solr.parser.SolrQueryParserBase.parse(SolrQueryParserBase.java:151)
	at org.apache.solr.search.LuceneQParser.parse(LuceneQParser.java:50)
	at org.apache.solr.search.QParser.getQuery(QParser.java:141)
	at org.apache.solr.handler.component.QueryComponent.prepare(QueryComponent.java:158)
	at org.apache.solr.handler.component.SearchHandler.handleRequestBody(SearchHandler.java:251)
	at org.apache.solr.handler.RequestHandlerBase.handleRequest(RequestHandlerBase.java:143)
	at org.apache.solr.core.SolrCore.execute(SolrCore.java:2068)
	at org.apache.solr.servlet.HttpSolrCall.execute(HttpSolrCall.java:669)
	at org.apache.solr.servlet.HttpSolrCall.call(HttpSolrCall.java:462)
	at org.apache.solr.servlet.SolrDispatchFilter.doFilter(SolrDispatchFilter.java:210)
	at org.apache.solr.servlet.SolrDispatchFilter.doFilter(SolrDispatchFilter.java:179)
	at org.eclipse.jetty.servlet.ServletHandler$CachedChain.doFilter(ServletHandler.java:1652)
	at org.eclipse.jetty.servlet.ServletHandler.doHandle(ServletHandler.java:585)
	at org.eclipse.jetty.server.handler.ScopedHandler.handle(ScopedHandler.java:143)
	at org.eclipse.jetty.security.SecurityHandler.handle(SecurityHandler.java:577)
	at org.eclipse.jetty.server.session.SessionHandler.doHandle(SessionHandler.java:223)
	at org.eclipse.jetty.server.handler.ContextHandler.doHandle(ContextHandler.java:1127)
	at org.eclipse.jetty.servlet.ServletHandler.doScope(ServletHandler.java:515)
	at org.eclipse.jetty.server.session.SessionHandler.doScope(SessionHandler.java:185)
	at org.eclipse.jetty.server.handler.ContextHandler.doScope(ContextHandler.java:1061)
	at org.eclipse.jetty.server.handler.ScopedHandler.handle(ScopedHandler.java:141)
	at org.eclipse.jetty.server.handler.ContextHandlerCollection.handle(ContextHandlerCollection.java:215)
	at org.eclipse.jetty.server.handler.HandlerCollection.handle(HandlerCollection.java:110)
	at org.eclipse.jetty.server.handler.HandlerWrapper.handle(HandlerWrapper.java:97)
	at org.eclipse.jetty.server.Server.handle(Server.java:499)
	at org.eclipse.jetty.server.HttpChannel.handle(HttpChannel.java:310)
	at org.eclipse.jetty.server.HttpConnection.onFillable(HttpConnection.java:257)
	at org.eclipse.jetty.io.AbstractConnection$2.run(AbstractConnection.java:540)
	at org.eclipse.jetty.util.thread.QueuedThreadPool.runJob(QueuedThreadPool.java:635)
	at org.eclipse.jetty.util.thread.QueuedThreadPool$3.run(QueuedThreadPool.java:555)
	at java.lang.Thread.run(Thread.java:745)

245895 INFO  (qtp434176574-15) [   x:shopOnTap] o.a.s.c.S.Request [shopOnTap] webapp=/solr path=/select params={q=title:%3DDesigner*+AND+%3DSuit+OR+description:%3DDesigner*+AND+%3DSuit&start=0&rows=1000&wt=json} status=400 QTime=7 
352178 INFO  (qtp434176574-21) [   x:shopOnTap] o.a.s.u.UpdateHandler start commit{,optimize=false,openSearcher=true,waitSearcher=true,expungeDeletes=false,softCommit=false,prepareCommit=false}
352228 INFO  (qtp434176574-21) [   x:shopOnTap] o.a.s.c.SolrCore SolrDeletionPolicy.onCommit: commits: num=2
	commit{dir=NRTCachingDirectory(MMapDirectory@/Users/aasha.medhi/Documents/workspaceShopOnTap/solr/server/solr/shopOnTap/data/index lockFactory=org.apache.lucene.store.NativeFSLockFactory@7d8c2798; maxCacheMB=48.0 maxMergeSizeMB=4.0),segFN=segments_8,generation=8}
	commit{dir=NRTCachingDirectory(MMapDirectory@/Users/aasha.medhi/Documents/workspaceShopOnTap/solr/server/solr/shopOnTap/data/index lockFactory=org.apache.lucene.store.NativeFSLockFactory@7d8c2798; maxCacheMB=48.0 maxMergeSizeMB=4.0),segFN=segments_9,generation=9}
352228 INFO  (qtp434176574-21) [   x:shopOnTap] o.a.s.c.SolrCore newest commit generation = 9
352231 INFO  (qtp434176574-21) [   x:shopOnTap] o.a.s.s.SolrIndexSearcher Opening Searcher@8e4c012[shopOnTap] main
352232 INFO  (searcherExecutor-7-thread-1-processing-x:shopOnTap) [   x:shopOnTap] o.a.s.c.SolrCore [shopOnTap] Registered new searcher Searcher@8e4c012[shopOnTap] main{ExitableDirectoryReader(UninvertingDirectoryReader(Uninverting(_1(5.3.0):C1000/500:delGen=1) Uninverting(_3(5.3.0):C500) Uninverting(_4(5.3.0):C1000) Uninverting(_5(5.3.0):C500) Uninverting(_6(5.3.0):C500)))}
352233 INFO  (qtp434176574-21) [   x:shopOnTap] o.a.s.u.UpdateHandler end_commit_flush
352233 INFO  (qtp434176574-21) [   x:shopOnTap] o.a.s.u.p.LogUpdateProcessor [shopOnTap] webapp=/solr path=/update params={commit=true} {add=[6f8a1f1b-e25b-4bfa-b66f-a48bfd38f86a (1516633587197149184), a5a2aff4-50e1-4104-aa2f-a70aeb3858e7 (1516633587199246336), 65b3b515-15be-4731-9dfd-b40da243b3b1 (1516633587199246337), 03b129c1-adab-412a-a316-f9e450dfb247 (1516633587199246338), 5ae79b9d-80d0-4ed8-bb20-ac8baf32140f (1516633587199246339), 1ac996b3-fe1c-4ae7-af4e-af2d7b6e1187 (1516633587200294912), 9db0229d-2580-4868-9615-6a259621f412 (1516633587200294913), 5af7c5c2-ef0f-4d6a-a6aa-552fd2f4c9e9 (1516633587200294914), 95dc4809-f0d2-42de-9605-9eb74557da89 (1516633587200294915), ed0b196e-ca1e-4099-8aad-883ee6430736 (1516633587200294916), ... (500 adds)],commit=} 0 155
352267 INFO  (qtp434176574-14) [   x:shopOnTap] o.a.s.c.S.Request [shopOnTap] webapp=/solr path=/select params={q=title:(Designer*+AND+Suit)+OR+description:(Designer*+AND+Suit)&start=0&rows=1000&wt=json} hits=2 status=0 QTime=23 
378428 INFO  (qtp434176574-15) [   x:shopOnTap] o.a.s.c.S.Request [shopOnTap] webapp=/solr path=/select params={q=title:(Designer*+AND+Suit)+OR+description:(Designer*+AND+Suit)&indent=true&wt=json&_=1446374525840} hits=2 status=0 QTime=7 
404030 INFO  (qtp434176574-12) [   x:shopOnTap] o.a.s.c.S.Request [shopOnTap] webapp=/solr path=/select params={q=title:Designer*+AND+title:Suit*&indent=true&wt=json&_=1446374551443} hits=2 status=0 QTime=9 
537127 INFO  (qtp434176574-21) [   x:shopOnTap] o.a.s.u.UpdateHandler start commit{,optimize=false,openSearcher=true,waitSearcher=true,expungeDeletes=false,softCommit=false,prepareCommit=false}
537189 INFO  (qtp434176574-21) [   x:shopOnTap] o.a.s.c.SolrCore SolrDeletionPolicy.onCommit: commits: num=2
	commit{dir=NRTCachingDirectory(MMapDirectory@/Users/aasha.medhi/Documents/workspaceShopOnTap/solr/server/solr/shopOnTap/data/index lockFactory=org.apache.lucene.store.NativeFSLockFactory@7d8c2798; maxCacheMB=48.0 maxMergeSizeMB=4.0),segFN=segments_9,generation=9}
	commit{dir=NRTCachingDirectory(MMapDirectory@/Users/aasha.medhi/Documents/workspaceShopOnTap/solr/server/solr/shopOnTap/data/index lockFactory=org.apache.lucene.store.NativeFSLockFactory@7d8c2798; maxCacheMB=48.0 maxMergeSizeMB=4.0),segFN=segments_a,generation=10}
537189 INFO  (qtp434176574-21) [   x:shopOnTap] o.a.s.c.SolrCore newest commit generation = 10
537192 INFO  (qtp434176574-21) [   x:shopOnTap] o.a.s.s.SolrIndexSearcher Opening Searcher@5d8b7f5e[shopOnTap] main
537193 INFO  (searcherExecutor-7-thread-1-processing-x:shopOnTap) [   x:shopOnTap] o.a.s.c.SolrCore [shopOnTap] Registered new searcher Searcher@5d8b7f5e[shopOnTap] main{ExitableDirectoryReader(UninvertingDirectoryReader(Uninverting(_1(5.3.0):C1000/500:delGen=1) Uninverting(_3(5.3.0):C500) Uninverting(_4(5.3.0):C1000) Uninverting(_5(5.3.0):C500) Uninverting(_6(5.3.0):C500) Uninverting(_7(5.3.0):C500)))}
537193 INFO  (qtp434176574-21) [   x:shopOnTap] o.a.s.u.UpdateHandler end_commit_flush
537194 INFO  (qtp434176574-21) [   x:shopOnTap] o.a.s.u.p.LogUpdateProcessor [shopOnTap] webapp=/solr path=/update params={commit=true} {add=[fea8325a-cf56-4150-b026-3dace98ddc99 (1516633781155397632), 5541048b-06f4-43e6-a0fa-c9dff31f0b95 (1516633781158543360), 3d8882a1-4a4f-430c-a983-1348f696efad (1516633781158543361), ecce7e96-894d-4447-8e4d-27160d4e7e54 (1516633781158543362), 459dd2c3-8120-4344-b46a-25b0685efe0a (1516633781159591936), efa1fc54-10ac-41c0-b241-ac583e84f77b (1516633781159591937), 4454d11f-3560-4612-8e3a-a4c4dd8cee5d (1516633781159591938), 6bc9f187-ff80-45b7-8cb9-158d2544f04b (1516633781159591939), 403c95bb-1fc7-4065-9518-fab6d0b89788 (1516633781159591940), f0c9707a-698b-442f-9c99-50be60d7c172 (1516633781159591941), ... (500 adds)],commit=} 0 142
537212 INFO  (qtp434176574-14) [   x:shopOnTap] o.a.s.c.S.Request [shopOnTap] webapp=/solr path=/select params={q=title:(Designer*+AND+Suit*+)+OR+description:(Designer*+AND+Suit*+)&start=0&rows=1000&wt=json} hits=2 status=0 QTime=12 
549580 INFO  (qtp434176574-16) [   x:shopOnTap] o.a.s.c.S.Request [shopOnTap] webapp=/solr path=/select params={q=title:Designer*&indent=true&wt=json&_=1446374696994} hits=178 status=0 QTime=5 
